/*C29*/SET SCHEMA PUBLIC
DELETE FROM ENTIDADE WHERE ID=1
COMMIT
INSERT INTO ENTIDADE VALUES(1,'Luis Eugenio','2012-11-19','2012-11-21',1,1,'luis@gmail.com.br','2012-11-19')
COMMIT
DISCONNECT
/*C30*/SET SCHEMA PUBLIC
DELETE FROM ENTIDADE WHERE ID=1
COMMIT
INSERT INTO ENTIDADE VALUES(1,'Luis Eugenio','2012-11-19','2012-11-21',1,1,'luis@gmail.com.br','2012-11-19')
COMMIT
DISCONNECT
/*C31*/SET SCHEMA PUBLIC
DELETE FROM ENTIDADE WHERE ID=1
COMMIT
INSERT INTO ENTIDADE VALUES(1,'Luis Eugenio','2012-11-19','2012-11-21',1,1,'luis@gmail.com.br','2012-11-19')
COMMIT
DISCONNECT
/*C32*/SET SCHEMA PUBLIC
DELETE FROM ENTIDADE WHERE ID=1
COMMIT
INSERT INTO ENTIDADE VALUES(1,'Luis Eugenio','2012-11-19','2012-11-21',1,1,'luis@gmail.com.br','2012-11-19')
COMMIT
DISCONNECT
/*C33*/SET SCHEMA PUBLIC
DELETE FROM ENTIDADE WHERE ID=1
COMMIT
INSERT INTO ENTIDADE VALUES(1,'Luis Eugenio','2012-11-19','2012-11-21',1,1,'luis@gmail.com.br','2012-11-19')
COMMIT
DISCONNECT
/*C35*/SET SCHEMA PUBLIC
INSERT INTO ENTIDADE VALUES(253,'Luis Eugenio','2012-11-26','2012-11-28',-1,1,NULL,'2012-11-25')
COMMIT
/*C37*/SET SCHEMA PUBLIC
DELETE FROM ENTIDADE WHERE ID=1
DELETE FROM ENTIDADE WHERE ID=253
COMMIT
INSERT INTO ENTIDADE VALUES(1,'Luis Eugenio','2012-11-19','2012-11-21',1,1,'luis@gmail.com.br','2012-11-19')
COMMIT
DISCONNECT
/*C38*/SET SCHEMA PUBLIC
DELETE FROM ENTIDADE WHERE ID=1
COMMIT
INSERT INTO ENTIDADE VALUES(1,'Luis Eugenio','2012-11-19','2012-11-21',1,1,'luis@gmail.com.br','2012-11-19')
COMMIT
DISCONNECT
/*C39*/SET SCHEMA PUBLIC
DELETE FROM ENTIDADE WHERE ID=1
COMMIT
INSERT INTO ENTIDADE VALUES(1,'Luis Eugenio','2012-11-19','2012-11-21',1,1,'luis@gmail.com.br','2012-11-19')
COMMIT
DISCONNECT
/*C40*/SET SCHEMA PUBLIC
DELETE FROM ENTIDADE WHERE ID=1
COMMIT
INSERT INTO ENTIDADE VALUES(1,'Luis Eugenio','2012-11-19','2012-11-21',1,1,'luis@gmail.com.br','2012-11-19')
COMMIT
DISCONNECT
/*C41*/SET SCHEMA PUBLIC
DELETE FROM ENTIDADE WHERE ID=1
COMMIT
INSERT INTO ENTIDADE VALUES(1,'Luis Eugenio','2012-11-19','2012-11-21',1,1,'luis@gmail.com.br','2012-11-19')
COMMIT
DISCONNECT
/*C42*/SET SCHEMA PUBLIC
DELETE FROM ENTIDADE WHERE ID=1
COMMIT
INSERT INTO ENTIDADE VALUES(1,'Luis Eugenio','2012-11-19','2012-11-21',1,1,'luis@gmail.com.br','2012-11-19')
COMMIT
DISCONNECT
/*C43*/SET SCHEMA PUBLIC
DELETE FROM ENTIDADE WHERE ID=1
COMMIT
INSERT INTO ENTIDADE VALUES(1,'Luis Eugenio','2012-11-19','2012-11-21',1,1,'luis@gmail.com.br','2012-11-19')
COMMIT
DISCONNECT
/*C45*/SET SCHEMA PUBLIC
INSERT INTO ENTIDADE VALUES(254,'Luis Eugenio','2012-11-26','2012-11-28',1,1,NULL,'2012-11-25')
COMMIT
/*C47*/SET SCHEMA PUBLIC
DELETE FROM ENTIDADE WHERE ID=1
DELETE FROM ENTIDADE WHERE ID=254
COMMIT
INSERT INTO ENTIDADE VALUES(1,'Luis Eugenio','2012-11-19','2012-11-21',1,1,'luis@gmail.com.br','2012-11-19')
COMMIT
DISCONNECT
/*C48*/SET SCHEMA PUBLIC
DELETE FROM ENTIDADE WHERE ID=1
COMMIT
INSERT INTO ENTIDADE VALUES(1,'Luis Eugenio','2012-11-19','2012-11-21',1,1,'luis@gmail.com.br','2012-11-19')
COMMIT
DISCONNECT
/*C49*/SET SCHEMA PUBLIC
DELETE FROM ENTIDADE WHERE ID=1
COMMIT
INSERT INTO ENTIDADE VALUES(1,'Luis Eugenio','2012-11-19','2012-11-21',1,1,'luis@gmail.com.br','2012-11-19')
COMMIT
DISCONNECT
/*C50*/SET SCHEMA PUBLIC
DELETE FROM ENTIDADE WHERE ID=1
COMMIT
/*C52*/SET SCHEMA PUBLIC
INSERT INTO ENTIDADE VALUES(1,'Luis Eugenio','2012-11-19','2012-11-21',1,1,'luis@gmail.com.br','2012-11-19')
COMMIT
DISCONNECT
/*C54*/SET SCHEMA PUBLIC
INSERT INTO ENTIDADE VALUES(255,'Luis Eugenio','2012-11-26','2012-11-28',1,1,NULL,'2012-11-25')
COMMIT
/*C56*/SET SCHEMA PUBLIC
DELETE FROM ENTIDADE WHERE ID=1
DELETE FROM ENTIDADE WHERE ID=255
COMMIT
INSERT INTO ENTIDADE VALUES(1,'Luis Eugenio','2012-11-19','2012-11-21',1,1,'luis@gmail.com.br','2012-11-19')
COMMIT
DISCONNECT
/*C58*/SET SCHEMA PUBLIC
DELETE FROM ENTIDADE WHERE ID=1
COMMIT
INSERT INTO ENTIDADE VALUES(1,'Luis Eugenio','2012-11-19','2012-11-21',1,1,'luis@gmail.com.br','2012-11-19')
COMMIT
DISCONNECT
/*C60*/SET SCHEMA PUBLIC
DELETE FROM ENTIDADE WHERE ID=1
COMMIT
INSERT INTO ENTIDADE VALUES(1,'Luis Eugenio','2012-11-19','2012-11-21',1,1,'luis@gmail.com.br','2012-11-19')
COMMIT
DISCONNECT
/*C62*/SET SCHEMA PUBLIC
DELETE FROM ENTIDADE WHERE ID=1
COMMIT
INSERT INTO ENTIDADE VALUES(1,'Luis Eugenio','2012-11-19','2012-11-21',1,1,'luis@gmail.com.br','2012-11-19')
COMMIT
DISCONNECT
/*C64*/SET SCHEMA PUBLIC
DELETE FROM ENTIDADE WHERE ID=1
COMMIT
INSERT INTO ENTIDADE VALUES(1,'Luis Eugenio','2012-11-19','2012-11-21',1,1,'luis@gmail.com.br','2012-11-19')
COMMIT
DISCONNECT
/*C67*/SET SCHEMA PUBLIC
DELETE FROM ENTIDADE WHERE ID=1
COMMIT
INSERT INTO ENTIDADE VALUES(1,'Luis Eugenio','2012-11-19','2012-11-21',1,1,'luis@gmail.com.br','2012-11-19')
COMMIT
DISCONNECT
/*C70*/SET SCHEMA PUBLIC
DELETE FROM ENTIDADE WHERE ID=1
INSERT INTO ENTIDADE VALUES(1,'Luis Eugenio','2012-11-26','2012-11-29',1,1,NULL,'2012-11-25')
COMMIT
